<?xml version='1.0' encoding='UTF-8'?>
<testsuite hostname="Macs-MacBook-Pro.local" name="com.greenfossil.jumpstart.day5.SongDAOSuite" tests="1" errors="0" failures="1" skipped="0" time="0.006" timestamp="2023-11-20T15:03:58">
          <properties>
[...]
</properties>
          <testcase classname="com.greenfossil.jumpstart.day5.SongDAOSuite" name="beforeAll" time="0.006">
                      <failure message="(conn=12) Access denied for user 'root'@'localhost'" type="java.sql.SQLInvalidAuthorizationSpecException">java.sql.SQLInvalidAuthorizationSpecException: (conn=12) Access denied for user 'root'@'localhost'
	at org.mariadb.jdbc.export.ExceptionFactory.createException(ExceptionFactory.java:286)
	at org.mariadb.jdbc.export.ExceptionFactory.create(ExceptionFactory.java:370)
	at org.mariadb.jdbc.client.impl.ConnectionHelper.authenticationHandler(ConnectionHelper.java:269)
	at org.mariadb.jdbc.client.impl.StandardClient.&lt;init&gt;(StandardClient.java:192)
	at org.mariadb.jdbc.Driver.connect(Driver.java:70)
	at org.mariadb.jdbc.Driver.connect(Driver.java:101)
	at org.mariadb.jdbc.Driver.connect(Driver.java:27)
	at java.sql/java.sql.DriverManager.getConnection(DriverManager.java:681)
	at java.sql/java.sql.DriverManager.getConnection(DriverManager.java:252)
	at com.greenfossil.sqlview2.Sql$.createConnection$$anonfun$1(Sql.scala:161)
	at scala.util.Try$.apply(Try.scala:210)
	at com.greenfossil.sqlview2.Sql$.getResourceWithRetry(Sql.scala:191)
	at com.greenfossil.sqlview2.Sql$.createConnection(Sql.scala:162)
	at com.greenfossil.sqlview2.Sql$.createConnection(Sql.scala:157)
	at com.greenfossil.sqlview2.util.MysqlDBSupport.createDatabase(MysqlDBSupport.scala:143)
	at com.greenfossil.sqlview2.util.MysqlDBSupport.createDatabase$(MysqlDBSupport.scala:33)
	at com.greenfossil.jumpstart.day5.SongDAOSuite.createDatabase(SongDAOSuite.scala:8)
	at com.greenfossil.sqlview2.util.MysqlDBSupport.createDatabase(MysqlDBSupport.scala:134)
	at com.greenfossil.sqlview2.util.MysqlDBSupport.createDatabase$(MysqlDBSupport.scala:33)
	at com.greenfossil.jumpstart.day5.SongDAOSuite.createDatabase(SongDAOSuite.scala:8)
	at com.greenfossil.sqlview2.util.MysqlDBSupport.createDatabase(MysqlDBSupport.scala:117)
	at com.greenfossil.sqlview2.util.MysqlDBSupport.createDatabase$(MysqlDBSupport.scala:33)
	at com.greenfossil.jumpstart.day5.SongDAOSuite.createDatabase(SongDAOSuite.scala:8)
	at com.greenfossil.jumpstart.day5.SongDAOSuite.beforeAll(SongDAOSuite.scala:86)
	at munit.MUnitRunner.$anonfun$3(MUnitRunner.scala:168)
	at scala.runtime.java8.JFunction0$mcV$sp.apply(JFunction0$mcV$sp.scala:18)
</failure>
                    </testcase>
          <system-out><![CDATA[]]></system-out>
          <system-err><![CDATA[]]></system-err>
        </testsuite>